<?xml version="1.0" encoding="UTF-8"?>
<!-- Generated by org.testng.reporters.JUnitXMLReporter -->
<testsuite ignored="0" hostname="SANDIWAS01" failures="1" tests="2" name="Test(failed)" time="24.728" errors="0" timestamp="2024-12-30T02:39:09 IST">
  <testcase classname="testCases.TC_001_AccountRegistrationTest" name="verify_account_Registration" time="3.801"/>
  <testcase classname="testCases.TC_002_LoginTest" name="verify_Login" time="11.68">
    <failure type="java.lang.AssertionError" message="expected [true] but found [false]">
      <![CDATA[java.lang.AssertionError: expected [true] but found [false]
at testCases.TC_002_LoginTest.verify_Login(TC_002_LoginTest.java:30)
at java.base/java.util.ArrayList.forEach(ArrayList.java:1511)
... Removed 31 stack frames]]>
    </failure>
  </testcase> <!-- verify_Login -->
</testsuite> <!-- Test(failed) -->
